{"/home/inno/ReactAssignments/QuizMaster/QuizApp/backend/index.js": {"path":"/home/inno/ReactAssignments/QuizMaster/QuizApp/backend/index.js","statementMap":{"0":{"start":{"line":9,"column":0},"end":{"line":9,"column":16}},"1":{"start":{"line":10,"column":19},"end":{"line":10,"column":28}},"2":{"start":{"line":13,"column":0},"end":{"line":20,"column":2}},"3":{"start":{"line":16,"column":6},"end":{"line":16,"column":29}},"4":{"start":{"line":21,"column":0},"end":{"line":21,"column":24}},"5":{"start":{"line":22,"column":0},"end":{"line":22,"column":24}},"6":{"start":{"line":23,"column":0},"end":{"line":23,"column":37}},"7":{"start":{"line":24,"column":0},"end":{"line":24,"column":36}},"8":{"start":{"line":26,"column":0},"end":{"line":28,"column":3}},"9":{"start":{"line":27,"column":2},"end":{"line":27,"column":74}},"10":{"start":{"line":30,"column":0},"end":{"line":36,"column":3}},"11":{"start":{"line":31,"column":2},"end":{"line":31,"column":47}},"12":{"start":{"line":32,"column":2},"end":{"line":35,"column":5}},"13":{"start":{"line":38,"column":39},"end":{"line":49,"column":1}},"14":{"start":{"line":39,"column":2},"end":{"line":39,"column":79}},"15":{"start":{"line":40,"column":2},"end":{"line":48,"column":3}},"16":{"start":{"line":41,"column":4},"end":{"line":41,"column":50}},"17":{"start":{"line":42,"column":4},"end":{"line":42,"column":37}},"18":{"start":{"line":43,"column":4},"end":{"line":45,"column":6}},"19":{"start":{"line":44,"column":6},"end":{"line":44,"column":64}},"20":{"start":{"line":47,"column":4},"end":{"line":47,"column":19}},"21":{"start":{"line":53,"column":27},"end":{"line":69,"column":1}},"22":{"start":{"line":54,"column":2},"end":{"line":54,"column":37}},"23":{"start":{"line":55,"column":2},"end":{"line":66,"column":3}},"24":{"start":{"line":56,"column":4},"end":{"line":65,"column":7}},"25":{"start":{"line":57,"column":6},"end":{"line":64,"column":9}},"26":{"start":{"line":58,"column":8},"end":{"line":62,"column":9}},"27":{"start":{"line":59,"column":10},"end":{"line":59,"column":58}},"28":{"start":{"line":61,"column":10},"end":{"line":61,"column":39}},"29":{"start":{"line":63,"column":8},"end":{"line":63,"column":18}},"30":{"start":{"line":67,"column":2},"end":{"line":67,"column":36}},"31":{"start":{"line":68,"column":2},"end":{"line":68,"column":44}}},"fnMap":{"0":{"name":"(anonymous_0)","decl":{"start":{"line":15,"column":12},"end":{"line":15,"column":13}},"loc":{"start":{"line":15,"column":40},"end":{"line":17,"column":5}},"line":15},"1":{"name":"(anonymous_1)","decl":{"start":{"line":26,"column":8},"end":{"line":26,"column":9}},"loc":{"start":{"line":26,"column":22},"end":{"line":28,"column":1}},"line":26},"2":{"name":"(anonymous_2)","decl":{"start":{"line":30,"column":8},"end":{"line":30,"column":9}},"loc":{"start":{"line":30,"column":33},"end":{"line":36,"column":1}},"line":30},"3":{"name":"(anonymous_3)","decl":{"start":{"line":38,"column":39},"end":{"line":38,"column":40}},"loc":{"start":{"line":38,"column":51},"end":{"line":49,"column":1}},"line":38},"4":{"name":"(anonymous_4)","decl":{"start":{"line":43,"column":50},"end":{"line":43,"column":51}},"loc":{"start":{"line":44,"column":6},"end":{"line":44,"column":64}},"line":44},"5":{"name":"(anonymous_5)","decl":{"start":{"line":53,"column":27},"end":{"line":53,"column":28}},"loc":{"start":{"line":53,"column":39},"end":{"line":69,"column":1}},"line":53},"6":{"name":"(anonymous_6)","decl":{"start":{"line":56,"column":22},"end":{"line":56,"column":23}},"loc":{"start":{"line":56,"column":35},"end":{"line":65,"column":5}},"line":56},"7":{"name":"(anonymous_7)","decl":{"start":{"line":57,"column":19},"end":{"line":57,"column":20}},"loc":{"start":{"line":57,"column":28},"end":{"line":64,"column":7}},"line":57}},"branchMap":{"0":{"loc":{"start":{"line":43,"column":24},"end":{"line":43,"column":48}},"type":"binary-expr","locations":[{"start":{"line":43,"column":24},"end":{"line":43,"column":40}},{"start":{"line":43,"column":44},"end":{"line":43,"column":48}}],"line":43},"1":{"loc":{"start":{"line":55,"column":2},"end":{"line":66,"column":3}},"type":"if","locations":[{"start":{"line":55,"column":2},"end":{"line":66,"column":3}},{"start":{},"end":{}}],"line":55},"2":{"loc":{"start":{"line":58,"column":8},"end":{"line":62,"column":9}},"type":"if","locations":[{"start":{"line":58,"column":8},"end":{"line":62,"column":9}},{"start":{"line":60,"column":15},"end":{"line":62,"column":9}}],"line":58}},"s":{"0":2,"1":2,"2":2,"3":34,"4":2,"5":2,"6":2,"7":2,"8":2,"9":0,"10":2,"11":0,"12":0,"13":2,"14":0,"15":0,"16":0,"17":0,"18":0,"19":0,"20":0,"21":2,"22":0,"23":0,"24":0,"25":0,"26":0,"27":0,"28":0,"29":0,"30":0,"31":0},"f":{"0":34,"1":0,"2":0,"3":0,"4":0,"5":0,"6":0,"7":0},"b":{"0":[0,0],"1":[0,0],"2":[0,0]},"_coverageSchema":"1a1c01bbd47fc00a2c39e90264f33305004495a9","hash":"b1b524140799ceedd6853c2dbc313705d7ec2f1a"}
,"/home/inno/ReactAssignments/QuizMaster/QuizApp/backend/controllers/authController.js": {"path":"/home/inno/ReactAssignments/QuizMaster/QuizApp/backend/controllers/authController.js","statementMap":{"0":{"start":{"line":8,"column":24},"end":{"line":46,"column":1}},"1":{"start":{"line":9,"column":45},"end":{"line":9,"column":53}},"2":{"start":{"line":10,"column":2},"end":{"line":14,"column":3}},"3":{"start":{"line":11,"column":4},"end":{"line":13,"column":68}},"4":{"start":{"line":16,"column":2},"end":{"line":45,"column":3}},"5":{"start":{"line":17,"column":25},"end":{"line":17,"column":59}},"6":{"start":{"line":18,"column":4},"end":{"line":21,"column":66}},"7":{"start":{"line":19,"column":6},"end":{"line":21,"column":66}},"8":{"start":{"line":23,"column":22},"end":{"line":23,"column":54}},"9":{"start":{"line":24,"column":17},"end":{"line":24,"column":51}},"10":{"start":{"line":26,"column":27},"end":{"line":26,"column":58}},"11":{"start":{"line":28,"column":17},"end":{"line":34,"column":6}},"12":{"start":{"line":36,"column":4},"end":{"line":38,"column":69}},"13":{"start":{"line":40,"column":4},"end":{"line":44,"column":7}},"14":{"start":{"line":48,"column":21},"end":{"line":99,"column":1}},"15":{"start":{"line":49,"column":30},"end":{"line":49,"column":38}},"16":{"start":{"line":50,"column":2},"end":{"line":50,"column":30}},"17":{"start":{"line":51,"column":2},"end":{"line":55,"column":3}},"18":{"start":{"line":52,"column":4},"end":{"line":54,"column":68}},"19":{"start":{"line":56,"column":2},"end":{"line":98,"column":3}},"20":{"start":{"line":57,"column":17},"end":{"line":57,"column":51}},"21":{"start":{"line":58,"column":4},"end":{"line":58,"column":22}},"22":{"start":{"line":59,"column":4},"end":{"line":63,"column":5}},"23":{"start":{"line":60,"column":6},"end":{"line":62,"column":61}},"24":{"start":{"line":65,"column":28},"end":{"line":65,"column":73}},"25":{"start":{"line":67,"column":4},"end":{"line":71,"column":5}},"26":{"start":{"line":68,"column":6},"end":{"line":70,"column":66}},"27":{"start":{"line":73,"column":18},"end":{"line":75,"column":6}},"28":{"start":{"line":77,"column":4},"end":{"line":81,"column":7}},"29":{"start":{"line":83,"column":21},"end":{"line":89,"column":5}},"30":{"start":{"line":91,"column":4},"end":{"line":93,"column":76}},"31":{"start":{"line":95,"column":4},"end":{"line":97,"column":79}},"32":{"start":{"line":101,"column":22},"end":{"line":109,"column":1}},"33":{"start":{"line":103,"column":2},"end":{"line":108,"column":3}},"34":{"start":{"line":104,"column":4},"end":{"line":104,"column":33}},"35":{"start":{"line":105,"column":4},"end":{"line":105,"column":80}},"36":{"start":{"line":107,"column":4},"end":{"line":107,"column":111}},"37":{"start":{"line":111,"column":24},"end":{"line":162,"column":1}},"38":{"start":{"line":112,"column":17},"end":{"line":112,"column":27}},"39":{"start":{"line":113,"column":2},"end":{"line":113,"column":23}},"40":{"start":{"line":114,"column":2},"end":{"line":161,"column":3}},"41":{"start":{"line":115,"column":17},"end":{"line":115,"column":45}},"42":{"start":{"line":116,"column":4},"end":{"line":116,"column":22}},"43":{"start":{"line":117,"column":4},"end":{"line":118,"column":80}},"44":{"start":{"line":118,"column":6},"end":{"line":118,"column":80}},"45":{"start":{"line":120,"column":25},"end":{"line":135,"column":6}},"46":{"start":{"line":121,"column":23},"end":{"line":121,"column":60}},"47":{"start":{"line":122,"column":6},"end":{"line":122,"column":33}},"48":{"start":{"line":122,"column":21},"end":{"line":122,"column":33}},"49":{"start":{"line":124,"column":39},"end":{"line":124,"column":47}},"50":{"start":{"line":126,"column":6},"end":{"line":134,"column":8}},"51":{"start":{"line":137,"column":25},"end":{"line":137,"column":56}},"52":{"start":{"line":139,"column":27},"end":{"line":139,"column":71}},"53":{"start":{"line":139,"column":57},"end":{"line":139,"column":70}},"54":{"start":{"line":140,"column":24},"end":{"line":147,"column":5}},"55":{"start":{"line":148,"column":4},"end":{"line":152,"column":7}},"56":{"start":{"line":154,"column":4},"end":{"line":160,"column":9}},"57":{"start":{"line":164,"column":29},"end":{"line":178,"column":1}},"58":{"start":{"line":165,"column":15},"end":{"line":165,"column":23}},"59":{"start":{"line":166,"column":2},"end":{"line":166,"column":88}},"60":{"start":{"line":166,"column":12},"end":{"line":166,"column":88}},"61":{"start":{"line":167,"column":13},"end":{"line":167,"column":21}},"62":{"start":{"line":169,"column":3},"end":{"line":177,"column":4}},"63":{"start":{"line":170,"column":4},"end":{"line":174,"column":3}},"64":{"start":{"line":170,"column":41},"end":{"line":170,"column":122}},"65":{"start":{"line":172,"column":4},"end":{"line":172,"column":33}},"66":{"start":{"line":173,"column":4},"end":{"line":173,"column":93}},"67":{"start":{"line":176,"column":4},"end":{"line":176,"column":67}}},"fnMap":{"0":{"name":"(anonymous_0)","decl":{"start":{"line":8,"column":24},"end":{"line":8,"column":25}},"loc":{"start":{"line":8,"column":44},"end":{"line":46,"column":1}},"line":8},"1":{"name":"(anonymous_1)","decl":{"start":{"line":48,"column":21},"end":{"line":48,"column":22}},"loc":{"start":{"line":48,"column":41},"end":{"line":99,"column":1}},"line":48},"2":{"name":"(anonymous_2)","decl":{"start":{"line":101,"column":22},"end":{"line":101,"column":23}},"loc":{"start":{"line":101,"column":42},"end":{"line":109,"column":1}},"line":101},"3":{"name":"(anonymous_3)","decl":{"start":{"line":111,"column":24},"end":{"line":111,"column":25}},"loc":{"start":{"line":111,"column":44},"end":{"line":162,"column":1}},"line":111},"4":{"name":"(anonymous_4)","decl":{"start":{"line":120,"column":47},"end":{"line":120,"column":48}},"loc":{"start":{"line":120,"column":63},"end":{"line":135,"column":5}},"line":120},"5":{"name":"(anonymous_5)","decl":{"start":{"line":139,"column":47},"end":{"line":139,"column":48}},"loc":{"start":{"line":139,"column":57},"end":{"line":139,"column":70}},"line":139},"6":{"name":"(anonymous_6)","decl":{"start":{"line":164,"column":29},"end":{"line":164,"column":30}},"loc":{"start":{"line":164,"column":46},"end":{"line":178,"column":1}},"line":164}},"branchMap":{"0":{"loc":{"start":{"line":10,"column":2},"end":{"line":14,"column":3}},"type":"if","locations":[{"start":{"line":10,"column":2},"end":{"line":14,"column":3}},{"start":{},"end":{}}],"line":10},"1":{"loc":{"start":{"line":10,"column":6},"end":{"line":10,"column":46}},"type":"binary-expr","locations":[{"start":{"line":10,"column":6},"end":{"line":10,"column":12}},{"start":{"line":10,"column":16},"end":{"line":10,"column":25}},{"start":{"line":10,"column":29},"end":{"line":10,"column":37}},{"start":{"line":10,"column":41},"end":{"line":10,"column":46}}],"line":10},"2":{"loc":{"start":{"line":18,"column":4},"end":{"line":21,"column":66}},"type":"if","locations":[{"start":{"line":18,"column":4},"end":{"line":21,"column":66}},{"start":{},"end":{}}],"line":18},"3":{"loc":{"start":{"line":24,"column":17},"end":{"line":24,"column":51}},"type":"cond-expr","locations":[{"start":{"line":24,"column":35},"end":{"line":24,"column":42}},{"start":{"line":24,"column":45},"end":{"line":24,"column":51}}],"line":24},"4":{"loc":{"start":{"line":51,"column":2},"end":{"line":55,"column":3}},"type":"if","locations":[{"start":{"line":51,"column":2},"end":{"line":55,"column":3}},{"start":{},"end":{}}],"line":51},"5":{"loc":{"start":{"line":51,"column":6},"end":{"line":51,"column":25}},"type":"binary-expr","locations":[{"start":{"line":51,"column":6},"end":{"line":51,"column":12}},{"start":{"line":51,"column":16},"end":{"line":51,"column":25}}],"line":51},"6":{"loc":{"start":{"line":59,"column":4},"end":{"line":63,"column":5}},"type":"if","locations":[{"start":{"line":59,"column":4},"end":{"line":63,"column":5}},{"start":{},"end":{}}],"line":59},"7":{"loc":{"start":{"line":67,"column":4},"end":{"line":71,"column":5}},"type":"if","locations":[{"start":{"line":67,"column":4},"end":{"line":71,"column":5}},{"start":{},"end":{}}],"line":67},"8":{"loc":{"start":{"line":117,"column":4},"end":{"line":118,"column":80}},"type":"if","locations":[{"start":{"line":117,"column":4},"end":{"line":118,"column":80}},{"start":{},"end":{}}],"line":117},"9":{"loc":{"start":{"line":122,"column":6},"end":{"line":122,"column":33}},"type":"if","locations":[{"start":{"line":122,"column":6},"end":{"line":122,"column":33}},{"start":{},"end":{}}],"line":122},"10":{"loc":{"start":{"line":166,"column":2},"end":{"line":166,"column":88}},"type":"if","locations":[{"start":{"line":166,"column":2},"end":{"line":166,"column":88}},{"start":{},"end":{}}],"line":166},"11":{"loc":{"start":{"line":170,"column":4},"end":{"line":174,"column":3}},"type":"if","locations":[{"start":{"line":170,"column":4},"end":{"line":174,"column":3}},{"start":{"line":171,"column":7},"end":{"line":174,"column":3}}],"line":170}},"s":{"0":2,"1":4,"2":4,"3":1,"4":3,"5":3,"6":2,"7":1,"8":1,"9":1,"10":1,"11":1,"12":1,"13":1,"14":2,"15":5,"16":5,"17":5,"18":1,"19":4,"20":4,"21":3,"22":3,"23":1,"24":2,"25":2,"26":1,"27":1,"28":1,"29":1,"30":1,"31":1,"32":2,"33":1,"34":1,"35":1,"36":0,"37":2,"38":3,"39":3,"40":3,"41":3,"42":2,"43":2,"44":1,"45":1,"46":0,"47":0,"48":0,"49":0,"50":0,"51":1,"52":1,"53":0,"54":1,"55":1,"56":1,"57":2,"58":2,"59":2,"60":2,"61":0,"62":0,"63":0,"64":0,"65":0,"66":0,"67":0},"f":{"0":4,"1":5,"2":1,"3":3,"4":0,"5":0,"6":2},"b":{"0":[1,3],"1":[4,4,4,3],"2":[1,1],"3":[1,0],"4":[1,4],"5":[5,5],"6":[1,2],"7":[1,1],"8":[1,1],"9":[0,0],"10":[2,0],"11":[0,0]},"_coverageSchema":"1a1c01bbd47fc00a2c39e90264f33305004495a9","hash":"cbed9788e5b69331cbe2ac5906c8de1e64fc216f"}
,"/home/inno/ReactAssignments/QuizMaster/QuizApp/backend/controllers/quizController.js": {"path":"/home/inno/ReactAssignments/QuizMaster/QuizApp/backend/controllers/quizController.js","statementMap":{"0":{"start":{"line":5,"column":26},"end":{"line":40,"column":1}},"1":{"start":{"line":6,"column":41},"end":{"line":6,"column":49}},"2":{"start":{"line":8,"column":2},"end":{"line":13,"column":3}},"3":{"start":{"line":9,"column":4},"end":{"line":12,"column":7}},"4":{"start":{"line":15,"column":2},"end":{"line":39,"column":3}},"5":{"start":{"line":16,"column":25},"end":{"line":16,"column":59}},"6":{"start":{"line":17,"column":4},"end":{"line":22,"column":5}},"7":{"start":{"line":18,"column":6},"end":{"line":21,"column":9}},"8":{"start":{"line":24,"column":17},"end":{"line":28,"column":6}},"9":{"start":{"line":30,"column":4},"end":{"line":32,"column":69}},"10":{"start":{"line":34,"column":4},"end":{"line":38,"column":7}},"11":{"start":{"line":42,"column":29},"end":{"line":58,"column":1}},"12":{"start":{"line":43,"column":2},"end":{"line":57,"column":3}},"13":{"start":{"line":44,"column":20},"end":{"line":44,"column":44}},"14":{"start":{"line":45,"column":4},"end":{"line":50,"column":7}},"15":{"start":{"line":52,"column":4},"end":{"line":56,"column":7}},"16":{"start":{"line":60,"column":27},"end":{"line":84,"column":1}},"17":{"start":{"line":61,"column":17},"end":{"line":61,"column":27}},"18":{"start":{"line":63,"column":2},"end":{"line":83,"column":3}},"19":{"start":{"line":64,"column":17},"end":{"line":64,"column":45}},"20":{"start":{"line":66,"column":4},"end":{"line":70,"column":5}},"21":{"start":{"line":67,"column":6},"end":{"line":69,"column":61}},"22":{"start":{"line":72,"column":4},"end":{"line":76,"column":7}},"23":{"start":{"line":78,"column":4},"end":{"line":82,"column":7}},"24":{"start":{"line":86,"column":30},"end":{"line":108,"column":1}},"25":{"start":{"line":87,"column":17},"end":{"line":87,"column":27}},"26":{"start":{"line":88,"column":2},"end":{"line":88,"column":18}},"27":{"start":{"line":89,"column":2},"end":{"line":107,"column":3}},"28":{"start":{"line":90,"column":17},"end":{"line":90,"column":55}},"29":{"start":{"line":91,"column":4},"end":{"line":91,"column":29}},"30":{"start":{"line":92,"column":4},"end":{"line":96,"column":5}},"31":{"start":{"line":93,"column":6},"end":{"line":95,"column":61}},"32":{"start":{"line":98,"column":4},"end":{"line":100,"column":68}},"33":{"start":{"line":102,"column":4},"end":{"line":106,"column":7}},"34":{"start":{"line":110,"column":26},"end":{"line":152,"column":1}},"35":{"start":{"line":111,"column":36},"end":{"line":111,"column":44}},"36":{"start":{"line":113,"column":2},"end":{"line":151,"column":3}},"37":{"start":{"line":114,"column":17},"end":{"line":114,"column":49}},"38":{"start":{"line":115,"column":4},"end":{"line":119,"column":5}},"39":{"start":{"line":116,"column":6},"end":{"line":118,"column":61}},"40":{"start":{"line":121,"column":4},"end":{"line":124,"column":7}},"41":{"start":{"line":126,"column":4},"end":{"line":126,"column":22}},"42":{"start":{"line":128,"column":17},"end":{"line":128,"column":49}},"43":{"start":{"line":129,"column":4},"end":{"line":133,"column":5}},"44":{"start":{"line":130,"column":6},"end":{"line":132,"column":61}},"45":{"start":{"line":135,"column":4},"end":{"line":137,"column":7}},"46":{"start":{"line":139,"column":4},"end":{"line":139,"column":22}},"47":{"start":{"line":141,"column":4},"end":{"line":143,"column":71}},"48":{"start":{"line":146,"column":4},"end":{"line":150,"column":7}},"49":{"start":{"line":154,"column":30},"end":{"line":198,"column":1}},"50":{"start":{"line":155,"column":17},"end":{"line":155,"column":27}},"51":{"start":{"line":157,"column":2},"end":{"line":197,"column":3}},"52":{"start":{"line":158,"column":17},"end":{"line":158,"column":45}},"53":{"start":{"line":159,"column":4},"end":{"line":160,"column":80}},"54":{"start":{"line":160,"column":6},"end":{"line":160,"column":80}},"55":{"start":{"line":162,"column":4},"end":{"line":162,"column":46}},"56":{"start":{"line":164,"column":24},"end":{"line":178,"column":6}},"57":{"start":{"line":165,"column":27},"end":{"line":165,"column":53}},"58":{"start":{"line":167,"column":6},"end":{"line":177,"column":7}},"59":{"start":{"line":168,"column":25},"end":{"line":170,"column":9}},"60":{"start":{"line":169,"column":20},"end":{"line":169,"column":38}},"61":{"start":{"line":171,"column":8},"end":{"line":176,"column":10}},"62":{"start":{"line":179,"column":24},"end":{"line":181,"column":6}},"63":{"start":{"line":180,"column":6},"end":{"line":180,"column":30}},"64":{"start":{"line":183,"column":30},"end":{"line":183,"column":75}},"65":{"start":{"line":183,"column":57},"end":{"line":183,"column":74}},"66":{"start":{"line":185,"column":4},"end":{"line":190,"column":7}},"67":{"start":{"line":192,"column":4},"end":{"line":196,"column":7}},"68":{"start":{"line":200,"column":16},"end":{"line":204,"column":1}},"69":{"start":{"line":201,"column":23},"end":{"line":201,"column":51}},"70":{"start":{"line":202,"column":2},"end":{"line":202,"column":28}},"71":{"start":{"line":203,"column":2},"end":{"line":203,"column":22}}},"fnMap":{"0":{"name":"(anonymous_0)","decl":{"start":{"line":5,"column":26},"end":{"line":5,"column":27}},"loc":{"start":{"line":5,"column":46},"end":{"line":40,"column":1}},"line":5},"1":{"name":"(anonymous_1)","decl":{"start":{"line":42,"column":29},"end":{"line":42,"column":30}},"loc":{"start":{"line":42,"column":49},"end":{"line":58,"column":1}},"line":42},"2":{"name":"(anonymous_2)","decl":{"start":{"line":60,"column":27},"end":{"line":60,"column":28}},"loc":{"start":{"line":60,"column":47},"end":{"line":84,"column":1}},"line":60},"3":{"name":"(anonymous_3)","decl":{"start":{"line":86,"column":30},"end":{"line":86,"column":31}},"loc":{"start":{"line":86,"column":50},"end":{"line":108,"column":1}},"line":86},"4":{"name":"(anonymous_4)","decl":{"start":{"line":110,"column":26},"end":{"line":110,"column":27}},"loc":{"start":{"line":110,"column":46},"end":{"line":152,"column":1}},"line":110},"5":{"name":"(anonymous_5)","decl":{"start":{"line":154,"column":30},"end":{"line":154,"column":31}},"loc":{"start":{"line":154,"column":50},"end":{"line":198,"column":1}},"line":154},"6":{"name":"(anonymous_6)","decl":{"start":{"line":164,"column":41},"end":{"line":164,"column":42}},"loc":{"start":{"line":164,"column":57},"end":{"line":178,"column":5}},"line":164},"7":{"name":"(anonymous_7)","decl":{"start":{"line":169,"column":10},"end":{"line":169,"column":11}},"loc":{"start":{"line":169,"column":20},"end":{"line":169,"column":38}},"line":169},"8":{"name":"(anonymous_8)","decl":{"start":{"line":179,"column":64},"end":{"line":179,"column":65}},"loc":{"start":{"line":179,"column":72},"end":{"line":181,"column":5}},"line":179},"9":{"name":"(anonymous_9)","decl":{"start":{"line":183,"column":47},"end":{"line":183,"column":48}},"loc":{"start":{"line":183,"column":57},"end":{"line":183,"column":74}},"line":183},"10":{"name":"(anonymous_10)","decl":{"start":{"line":200,"column":16},"end":{"line":200,"column":17}},"loc":{"start":{"line":200,"column":30},"end":{"line":204,"column":1}},"line":200}},"branchMap":{"0":{"loc":{"start":{"line":8,"column":2},"end":{"line":13,"column":3}},"type":"if","locations":[{"start":{"line":8,"column":2},"end":{"line":13,"column":3}},{"start":{},"end":{}}],"line":8},"1":{"loc":{"start":{"line":8,"column":6},"end":{"line":8,"column":54}},"type":"binary-expr","locations":[{"start":{"line":8,"column":6},"end":{"line":8,"column":12}},{"start":{"line":8,"column":16},"end":{"line":8,"column":25}},{"start":{"line":8,"column":29},"end":{"line":8,"column":54}}],"line":8},"2":{"loc":{"start":{"line":17,"column":4},"end":{"line":22,"column":5}},"type":"if","locations":[{"start":{"line":17,"column":4},"end":{"line":22,"column":5}},{"start":{},"end":{}}],"line":17},"3":{"loc":{"start":{"line":66,"column":4},"end":{"line":70,"column":5}},"type":"if","locations":[{"start":{"line":66,"column":4},"end":{"line":70,"column":5}},{"start":{},"end":{}}],"line":66},"4":{"loc":{"start":{"line":92,"column":4},"end":{"line":96,"column":5}},"type":"if","locations":[{"start":{"line":92,"column":4},"end":{"line":96,"column":5}},{"start":{},"end":{}}],"line":92},"5":{"loc":{"start":{"line":115,"column":4},"end":{"line":119,"column":5}},"type":"if","locations":[{"start":{"line":115,"column":4},"end":{"line":119,"column":5}},{"start":{},"end":{}}],"line":115},"6":{"loc":{"start":{"line":129,"column":4},"end":{"line":133,"column":5}},"type":"if","locations":[{"start":{"line":129,"column":4},"end":{"line":133,"column":5}},{"start":{},"end":{}}],"line":129},"7":{"loc":{"start":{"line":159,"column":4},"end":{"line":160,"column":80}},"type":"if","locations":[{"start":{"line":159,"column":4},"end":{"line":160,"column":80}},{"start":{},"end":{}}],"line":159},"8":{"loc":{"start":{"line":167,"column":6},"end":{"line":177,"column":7}},"type":"if","locations":[{"start":{"line":167,"column":6},"end":{"line":177,"column":7}},{"start":{},"end":{}}],"line":167},"9":{"loc":{"start":{"line":175,"column":17},"end":{"line":175,"column":54}},"type":"cond-expr","locations":[{"start":{"line":175,"column":35},"end":{"line":175,"column":50}},{"start":{"line":175,"column":53},"end":{"line":175,"column":54}}],"line":175}},"s":{"0":2,"1":4,"2":4,"3":1,"4":3,"5":3,"6":2,"7":1,"8":1,"9":1,"10":1,"11":2,"12":2,"13":2,"14":1,"15":1,"16":2,"17":3,"18":3,"19":3,"20":2,"21":1,"22":1,"23":1,"24":2,"25":3,"26":3,"27":3,"28":3,"29":2,"30":2,"31":1,"32":1,"33":1,"34":2,"35":4,"36":4,"37":4,"38":4,"39":1,"40":3,"41":3,"42":3,"43":2,"44":1,"45":1,"46":1,"47":1,"48":1,"49":2,"50":3,"51":3,"52":3,"53":2,"54":1,"55":1,"56":1,"57":2,"58":2,"59":1,"60":3,"61":1,"62":1,"63":2,"64":1,"65":0,"66":1,"67":1,"68":2,"69":2,"70":2,"71":2},"f":{"0":4,"1":2,"2":3,"3":3,"4":4,"5":3,"6":2,"7":3,"8":2,"9":0,"10":2},"b":{"0":[1,3],"1":[4,3,3],"2":[1,1],"3":[1,1],"4":[1,1],"5":[1,3],"6":[1,1],"7":[1,1],"8":[1,1],"9":[0,1]},"_coverageSchema":"1a1c01bbd47fc00a2c39e90264f33305004495a9","hash":"1c7e0a04ff5cd2bc6a53691a698e322a634d8764"}
,"/home/inno/ReactAssignments/QuizMaster/QuizApp/backend/middelwares/auth.js": {"path":"/home/inno/ReactAssignments/QuizMaster/QuizApp/backend/middelwares/auth.js","statementMap":{"0":{"start":{"line":5,"column":28},"end":{"line":28,"column":1}},"1":{"start":{"line":7,"column":2},"end":{"line":27,"column":3}},"2":{"start":{"line":8,"column":18},"end":{"line":8,"column":39}},"3":{"start":{"line":9,"column":4},"end":{"line":9,"column":31}},"4":{"start":{"line":10,"column":4},"end":{"line":12,"column":5}},"5":{"start":{"line":11,"column":6},"end":{"line":11,"column":73}},"6":{"start":{"line":15,"column":4},"end":{"line":23,"column":7}},"7":{"start":{"line":16,"column":6},"end":{"line":19,"column":7}},"8":{"start":{"line":17,"column":10},"end":{"line":17,"column":27}},"9":{"start":{"line":18,"column":8},"end":{"line":18,"column":66}},"10":{"start":{"line":20,"column":6},"end":{"line":20,"column":25}},"11":{"start":{"line":21,"column":6},"end":{"line":21,"column":46}},"12":{"start":{"line":22,"column":6},"end":{"line":22,"column":13}},"13":{"start":{"line":25,"column":4},"end":{"line":25,"column":49}},"14":{"start":{"line":30,"column":25},"end":{"line":38,"column":1}},"15":{"start":{"line":31,"column":2},"end":{"line":31,"column":28}},"16":{"start":{"line":33,"column":4},"end":{"line":35,"column":5}},"17":{"start":{"line":34,"column":6},"end":{"line":34,"column":67}},"18":{"start":{"line":36,"column":4},"end":{"line":36,"column":11}}},"fnMap":{"0":{"name":"(anonymous_0)","decl":{"start":{"line":5,"column":28},"end":{"line":5,"column":29}},"loc":{"start":{"line":5,"column":48},"end":{"line":28,"column":1}},"line":5},"1":{"name":"(anonymous_1)","decl":{"start":{"line":15,"column":34},"end":{"line":15,"column":35}},"loc":{"start":{"line":15,"column":52},"end":{"line":23,"column":5}},"line":15},"2":{"name":"(anonymous_2)","decl":{"start":{"line":30,"column":25},"end":{"line":30,"column":26}},"loc":{"start":{"line":30,"column":43},"end":{"line":38,"column":1}},"line":30}},"branchMap":{"0":{"loc":{"start":{"line":10,"column":4},"end":{"line":12,"column":5}},"type":"if","locations":[{"start":{"line":10,"column":4},"end":{"line":12,"column":5}},{"start":{},"end":{}}],"line":10},"1":{"loc":{"start":{"line":16,"column":6},"end":{"line":19,"column":7}},"type":"if","locations":[{"start":{"line":16,"column":6},"end":{"line":19,"column":7}},{"start":{},"end":{}}],"line":16},"2":{"loc":{"start":{"line":33,"column":4},"end":{"line":35,"column":5}},"type":"if","locations":[{"start":{"line":33,"column":4},"end":{"line":35,"column":5}},{"start":{},"end":{}}],"line":33}},"s":{"0":2,"1":0,"2":0,"3":0,"4":0,"5":0,"6":0,"7":0,"8":0,"9":0,"10":0,"11":0,"12":0,"13":0,"14":2,"15":0,"16":0,"17":0,"18":0},"f":{"0":0,"1":0,"2":0},"b":{"0":[0,0],"1":[0,0],"2":[0,0]},"_coverageSchema":"1a1c01bbd47fc00a2c39e90264f33305004495a9","hash":"6de541f87061b6a12dd644016b3061af83801807"}
,"/home/inno/ReactAssignments/QuizMaster/QuizApp/backend/models/quizModel.js": {"path":"/home/inno/ReactAssignments/QuizMaster/QuizApp/backend/models/quizModel.js","statementMap":{"0":{"start":{"line":3,"column":23},"end":{"line":7,"column":2}},"1":{"start":{"line":9,"column":19},"end":{"line":21,"column":1}},"2":{"start":{"line":23,"column":25},"end":{"line":23,"column":59}}},"fnMap":{},"branchMap":{},"s":{"0":2,"1":2,"2":2},"f":{},"b":{},"_coverageSchema":"1a1c01bbd47fc00a2c39e90264f33305004495a9","hash":"e438ed9729d5a7f8fc649b1971bad88f108e6d50"}
,"/home/inno/ReactAssignments/QuizMaster/QuizApp/backend/models/userModel.js": {"path":"/home/inno/ReactAssignments/QuizMaster/QuizApp/backend/models/userModel.js","statementMap":{"0":{"start":{"line":4,"column":19},"end":{"line":24,"column":1}},"1":{"start":{"line":29,"column":25},"end":{"line":29,"column":59}}},"fnMap":{},"branchMap":{},"s":{"0":2,"1":2},"f":{},"b":{},"_coverageSchema":"1a1c01bbd47fc00a2c39e90264f33305004495a9","hash":"74594784fad191562560af075b88a02a529fcc2c"}
,"/home/inno/ReactAssignments/QuizMaster/QuizApp/backend/routes/quizRoutes.js": {"path":"/home/inno/ReactAssignments/QuizMaster/QuizApp/backend/routes/quizRoutes.js","statementMap":{"0":{"start":{"line":5,"column":13},"end":{"line":5,"column":29}},"1":{"start":{"line":7,"column":0},"end":{"line":7,"column":51}},"2":{"start":{"line":8,"column":0},"end":{"line":8,"column":30}},"3":{"start":{"line":9,"column":0},"end":{"line":11,"column":2}},"4":{"start":{"line":10,"column":4},"end":{"line":10,"column":106}},"5":{"start":{"line":13,"column":0},"end":{"line":13,"column":35}},"6":{"start":{"line":14,"column":0},"end":{"line":16,"column":2}},"7":{"start":{"line":15,"column":4},"end":{"line":15,"column":109}},"8":{"start":{"line":20,"column":0},"end":{"line":20,"column":32}},"9":{"start":{"line":21,"column":0},"end":{"line":21,"column":60}},"10":{"start":{"line":22,"column":0},"end":{"line":24,"column":2}},"11":{"start":{"line":23,"column":4},"end":{"line":23,"column":106}},"12":{"start":{"line":27,"column":0},"end":{"line":27,"column":46}},"13":{"start":{"line":28,"column":0},"end":{"line":30,"column":2}},"14":{"start":{"line":29,"column":4},"end":{"line":29,"column":106}},"15":{"start":{"line":32,"column":0},"end":{"line":32,"column":23}}},"fnMap":{"0":{"name":"(anonymous_0)","decl":{"start":{"line":9,"column":15},"end":{"line":9,"column":16}},"loc":{"start":{"line":9,"column":26},"end":{"line":11,"column":1}},"line":9},"1":{"name":"(anonymous_1)","decl":{"start":{"line":14,"column":21},"end":{"line":14,"column":22}},"loc":{"start":{"line":14,"column":32},"end":{"line":16,"column":1}},"line":14},"2":{"name":"(anonymous_2)","decl":{"start":{"line":22,"column":18},"end":{"line":22,"column":19}},"loc":{"start":{"line":22,"column":29},"end":{"line":24,"column":1}},"line":22},"3":{"name":"(anonymous_3)","decl":{"start":{"line":28,"column":30},"end":{"line":28,"column":31}},"loc":{"start":{"line":28,"column":41},"end":{"line":30,"column":1}},"line":28}},"branchMap":{},"s":{"0":2,"1":2,"2":2,"3":2,"4":0,"5":2,"6":2,"7":0,"8":2,"9":2,"10":2,"11":0,"12":2,"13":2,"14":0,"15":2},"f":{"0":0,"1":0,"2":0,"3":0},"b":{},"_coverageSchema":"1a1c01bbd47fc00a2c39e90264f33305004495a9","hash":"ad8fd9c554290647e511dc3554291af5dd3be9cc"}
,"/home/inno/ReactAssignments/QuizMaster/QuizApp/backend/routes/userAuthRoutes.js": {"path":"/home/inno/ReactAssignments/QuizMaster/QuizApp/backend/routes/userAuthRoutes.js","statementMap":{"0":{"start":{"line":5,"column":15},"end":{"line":5,"column":31}},"1":{"start":{"line":7,"column":0},"end":{"line":7,"column":35}},"2":{"start":{"line":8,"column":0},"end":{"line":10,"column":2}},"3":{"start":{"line":9,"column":4},"end":{"line":9,"column":111}},"4":{"start":{"line":12,"column":0},"end":{"line":12,"column":29}},"5":{"start":{"line":13,"column":0},"end":{"line":15,"column":2}},"6":{"start":{"line":14,"column":4},"end":{"line":14,"column":108}},"7":{"start":{"line":17,"column":0},"end":{"line":17,"column":31}},"8":{"start":{"line":18,"column":0},"end":{"line":20,"column":2}},"9":{"start":{"line":19,"column":4},"end":{"line":19,"column":109}},"10":{"start":{"line":22,"column":0},"end":{"line":22,"column":28}},"11":{"start":{"line":23,"column":0},"end":{"line":25,"column":2}},"12":{"start":{"line":24,"column":4},"end":{"line":24,"column":106}},"13":{"start":{"line":26,"column":0},"end":{"line":26,"column":45}},"14":{"start":{"line":27,"column":0},"end":{"line":29,"column":2}},"15":{"start":{"line":28,"column":4},"end":{"line":28,"column":106}}},"fnMap":{"0":{"name":"(anonymous_0)","decl":{"start":{"line":8,"column":23},"end":{"line":8,"column":24}},"loc":{"start":{"line":8,"column":34},"end":{"line":10,"column":1}},"line":8},"1":{"name":"(anonymous_1)","decl":{"start":{"line":13,"column":20},"end":{"line":13,"column":21}},"loc":{"start":{"line":13,"column":31},"end":{"line":15,"column":1}},"line":13},"2":{"name":"(anonymous_2)","decl":{"start":{"line":18,"column":21},"end":{"line":18,"column":22}},"loc":{"start":{"line":18,"column":32},"end":{"line":20,"column":1}},"line":18},"3":{"name":"(anonymous_3)","decl":{"start":{"line":23,"column":18},"end":{"line":23,"column":19}},"loc":{"start":{"line":23,"column":29},"end":{"line":25,"column":1}},"line":23},"4":{"name":"(anonymous_4)","decl":{"start":{"line":27,"column":15},"end":{"line":27,"column":16}},"loc":{"start":{"line":27,"column":26},"end":{"line":29,"column":1}},"line":27}},"branchMap":{},"s":{"0":2,"1":2,"2":2,"3":0,"4":2,"5":2,"6":0,"7":2,"8":2,"9":0,"10":2,"11":2,"12":0,"13":2,"14":2,"15":0},"f":{"0":0,"1":0,"2":0,"3":0,"4":0},"b":{},"_coverageSchema":"1a1c01bbd47fc00a2c39e90264f33305004495a9","hash":"d7a26ada4a51470daa70daed9f3f179975463f8f"}
,"/home/inno/ReactAssignments/QuizMaster/QuizApp/backend/utils/constants.js": {"path":"/home/inno/ReactAssignments/QuizMaster/QuizApp/backend/utils/constants.js","statementMap":{"0":{"start":{"line":2,"column":26},"end":{"line":2,"column":46}}},"fnMap":{},"branchMap":{},"s":{"0":4},"f":{},"b":{},"_coverageSchema":"1a1c01bbd47fc00a2c39e90264f33305004495a9","hash":"4bae775f32796a36201086846892981f583f9a4c"}
}
