TN:
SF:index.js
FN:15,(anonymous_0)
FN:26,(anonymous_1)
FN:30,(anonymous_2)
FN:38,(anonymous_3)
FN:43,(anonymous_4)
FN:53,(anonymous_5)
FN:56,(anonymous_6)
FN:57,(anonymous_7)
FNF:8
FNH:1
FNDA:34,(anonymous_0)
FNDA:0,(anonymous_1)
FNDA:0,(anonymous_2)
FNDA:0,(anonymous_3)
FNDA:0,(anonymous_4)
FNDA:0,(anonymous_5)
FNDA:0,(anonymous_6)
FNDA:0,(anonymous_7)
DA:9,2
DA:10,2
DA:13,2
DA:16,34
DA:21,2
DA:22,2
DA:23,2
DA:24,2
DA:26,2
DA:27,0
DA:30,2
DA:31,0
DA:32,0
DA:38,2
DA:39,0
DA:40,0
DA:41,0
DA:42,0
DA:43,0
DA:44,0
DA:47,0
DA:53,2
DA:54,0
DA:55,0
DA:56,0
DA:57,0
DA:58,0
DA:59,0
DA:61,0
DA:63,0
DA:67,0
DA:68,0
LF:32
LH:12
BRDA:43,0,0,0
BRDA:43,0,1,0
BRDA:55,1,0,0
BRDA:55,1,1,0
BRDA:58,2,0,0
BRDA:58,2,1,0
BRF:6
BRH:0
end_of_record
TN:
SF:controllers/authController.js
FN:8,(anonymous_0)
FN:48,(anonymous_1)
FN:101,(anonymous_2)
FN:111,(anonymous_3)
FN:120,(anonymous_4)
FN:139,(anonymous_5)
FN:164,(anonymous_6)
FNF:7
FNH:5
FNDA:4,(anonymous_0)
FNDA:5,(anonymous_1)
FNDA:1,(anonymous_2)
FNDA:3,(anonymous_3)
FNDA:0,(anonymous_4)
FNDA:0,(anonymous_5)
FNDA:2,(anonymous_6)
DA:8,2
DA:9,4
DA:10,4
DA:11,1
DA:16,3
DA:17,3
DA:18,2
DA:19,1
DA:23,1
DA:24,1
DA:26,1
DA:28,1
DA:36,1
DA:40,1
DA:48,2
DA:49,5
DA:50,5
DA:51,5
DA:52,1
DA:56,4
DA:57,4
DA:58,3
DA:59,3
DA:60,1
DA:65,2
DA:67,2
DA:68,1
DA:73,1
DA:77,1
DA:83,1
DA:91,1
DA:95,1
DA:101,2
DA:103,1
DA:104,1
DA:105,1
DA:107,0
DA:111,2
DA:112,3
DA:113,3
DA:114,3
DA:115,3
DA:116,2
DA:117,2
DA:118,1
DA:120,1
DA:121,0
DA:122,0
DA:124,0
DA:126,0
DA:137,1
DA:139,1
DA:140,1
DA:148,1
DA:154,1
DA:164,2
DA:165,2
DA:166,2
DA:167,0
DA:169,0
DA:170,0
DA:172,0
DA:173,0
DA:176,0
LF:64
LH:53
BRDA:10,0,0,1
BRDA:10,0,1,3
BRDA:10,1,0,4
BRDA:10,1,1,4
BRDA:10,1,2,4
BRDA:10,1,3,3
BRDA:18,2,0,1
BRDA:18,2,1,1
BRDA:24,3,0,1
BRDA:24,3,1,0
BRDA:51,4,0,1
BRDA:51,4,1,4
BRDA:51,5,0,5
BRDA:51,5,1,5
BRDA:59,6,0,1
BRDA:59,6,1,2
BRDA:67,7,0,1
BRDA:67,7,1,1
BRDA:117,8,0,1
BRDA:117,8,1,1
BRDA:122,9,0,0
BRDA:122,9,1,0
BRDA:166,10,0,2
BRDA:166,10,1,0
BRDA:170,11,0,0
BRDA:170,11,1,0
BRF:26
BRH:20
end_of_record
TN:
SF:controllers/quizController.js
FN:5,(anonymous_0)
FN:42,(anonymous_1)
FN:60,(anonymous_2)
FN:86,(anonymous_3)
FN:110,(anonymous_4)
FN:154,(anonymous_5)
FN:164,(anonymous_6)
FN:169,(anonymous_7)
FN:179,(anonymous_8)
FN:183,(anonymous_9)
FN:200,(anonymous_10)
FNF:11
FNH:10
FNDA:4,(anonymous_0)
FNDA:2,(anonymous_1)
FNDA:3,(anonymous_2)
FNDA:3,(anonymous_3)
FNDA:4,(anonymous_4)
FNDA:3,(anonymous_5)
FNDA:2,(anonymous_6)
FNDA:3,(anonymous_7)
FNDA:2,(anonymous_8)
FNDA:0,(anonymous_9)
FNDA:2,(anonymous_10)
DA:5,2
DA:6,4
DA:8,4
DA:9,1
DA:15,3
DA:16,3
DA:17,2
DA:18,1
DA:24,1
DA:30,1
DA:34,1
DA:42,2
DA:43,2
DA:44,2
DA:45,1
DA:52,1
DA:60,2
DA:61,3
DA:63,3
DA:64,3
DA:66,2
DA:67,1
DA:72,1
DA:78,1
DA:86,2
DA:87,3
DA:88,3
DA:89,3
DA:90,3
DA:91,2
DA:92,2
DA:93,1
DA:98,1
DA:102,1
DA:110,2
DA:111,4
DA:113,4
DA:114,4
DA:115,4
DA:116,1
DA:121,3
DA:126,3
DA:128,3
DA:129,2
DA:130,1
DA:135,1
DA:139,1
DA:141,1
DA:146,1
DA:154,2
DA:155,3
DA:157,3
DA:158,3
DA:159,2
DA:160,1
DA:162,1
DA:164,1
DA:165,2
DA:167,2
DA:168,1
DA:169,3
DA:171,1
DA:179,1
DA:180,2
DA:183,1
DA:185,1
DA:192,1
DA:200,2
DA:201,2
DA:202,2
DA:203,2
LF:71
LH:71
BRDA:8,0,0,1
BRDA:8,0,1,3
BRDA:8,1,0,4
BRDA:8,1,1,3
BRDA:8,1,2,3
BRDA:17,2,0,1
BRDA:17,2,1,1
BRDA:66,3,0,1
BRDA:66,3,1,1
BRDA:92,4,0,1
BRDA:92,4,1,1
BRDA:115,5,0,1
BRDA:115,5,1,3
BRDA:129,6,0,1
BRDA:129,6,1,1
BRDA:159,7,0,1
BRDA:159,7,1,1
BRDA:167,8,0,1
BRDA:167,8,1,1
BRDA:175,9,0,0
BRDA:175,9,1,1
BRF:21
BRH:20
end_of_record
TN:
SF:middelwares/auth.js
FN:5,(anonymous_0)
FN:15,(anonymous_1)
FN:30,(anonymous_2)
FNF:3
FNH:0
FNDA:0,(anonymous_0)
FNDA:0,(anonymous_1)
FNDA:0,(anonymous_2)
DA:5,2
DA:7,0
DA:8,0
DA:9,0
DA:10,0
DA:11,0
DA:15,0
DA:16,0
DA:17,0
DA:18,0
DA:20,0
DA:21,0
DA:22,0
DA:25,0
DA:30,2
DA:31,0
DA:33,0
DA:34,0
DA:36,0
LF:19
LH:2
BRDA:10,0,0,0
BRDA:10,0,1,0
BRDA:16,1,0,0
BRDA:16,1,1,0
BRDA:33,2,0,0
BRDA:33,2,1,0
BRF:6
BRH:0
end_of_record
TN:
SF:models/quizModel.js
FNF:0
FNH:0
DA:3,2
DA:9,2
DA:23,2
LF:3
LH:3
BRF:0
BRH:0
end_of_record
TN:
SF:models/userModel.js
FNF:0
FNH:0
DA:4,2
DA:29,2
LF:2
LH:2
BRF:0
BRH:0
end_of_record
TN:
SF:routes/quizRoutes.js
FN:9,(anonymous_0)
FN:14,(anonymous_1)
FN:22,(anonymous_2)
FN:28,(anonymous_3)
FNF:4
FNH:0
FNDA:0,(anonymous_0)
FNDA:0,(anonymous_1)
FNDA:0,(anonymous_2)
FNDA:0,(anonymous_3)
DA:5,2
DA:7,2
DA:8,2
DA:9,2
DA:10,0
DA:13,2
DA:14,2
DA:15,0
DA:20,2
DA:21,2
DA:22,2
DA:23,0
DA:27,2
DA:28,2
DA:29,0
DA:32,2
LF:16
LH:12
BRF:0
BRH:0
end_of_record
TN:
SF:routes/userAuthRoutes.js
FN:8,(anonymous_0)
FN:13,(anonymous_1)
FN:18,(anonymous_2)
FN:23,(anonymous_3)
FN:27,(anonymous_4)
FNF:5
FNH:0
FNDA:0,(anonymous_0)
FNDA:0,(anonymous_1)
FNDA:0,(anonymous_2)
FNDA:0,(anonymous_3)
FNDA:0,(anonymous_4)
DA:5,2
DA:7,2
DA:8,2
DA:9,0
DA:12,2
DA:13,2
DA:14,0
DA:17,2
DA:18,2
DA:19,0
DA:22,2
DA:23,2
DA:24,0
DA:26,2
DA:27,2
DA:28,0
LF:16
LH:11
BRF:0
BRH:0
end_of_record
TN:
SF:utils/constants.js
FNF:0
FNH:0
DA:2,4
LF:1
LH:1
BRF:0
BRH:0
end_of_record
